[0.055s] Invoking command in '/home/asser/test/turtlebot_ws/build/turtlebot3_manipulation_gazebo': CMAKE_PREFIX_PATH=/opt/ros/humble CONDA_PROMPT_MODIFIER=(base) /usr/bin/cmake /home/asser/test/turtlebot_ws/src/turtlebot3_simulations/turtlebot3_manipulation_gazebo -DCMAKE_INSTALL_PREFIX=/home/asser/test/turtlebot_ws/install/turtlebot3_manipulation_gazebo
[0.448s] -- The C compiler identification is GNU 11.4.0
[0.615s] -- The CXX compiler identification is GNU 11.4.0
[0.816s] -- Detecting C compiler ABI info
[0.995s] -- Detecting C compiler ABI info - done
[1.008s] -- Check for working C compiler: /usr/bin/cc - skipped
[1.009s] -- Detecting C compile features
[1.009s] -- Detecting C compile features - done
[1.014s] -- Detecting CXX compiler ABI info
[1.205s] -- Detecting CXX compiler ABI info - done
[1.214s] -- Check for working CXX compiler: /usr/bin/c++ - skipped
[1.214s] -- Detecting CXX compile features
[1.215s] -- Detecting CXX compile features - done
[1.219s] -- Found ament_cmake: 1.3.12 (/opt/ros/humble/share/ament_cmake/cmake)
[1.903s] -- Found Python3: /home/asser/miniconda3/bin/python3 (found version "3.13.9") found components: Interpreter 
[2.266s] -- Configuring done
[2.275s] -- Generating done
[2.278s] -- Build files have been written to: /home/asser/test/turtlebot_ws/build/turtlebot3_manipulation_gazebo
[2.300s] Invoked command in '/home/asser/test/turtlebot_ws/build/turtlebot3_manipulation_gazebo' returned '0': CMAKE_PREFIX_PATH=/opt/ros/humble CONDA_PROMPT_MODIFIER=(base) /usr/bin/cmake /home/asser/test/turtlebot_ws/src/turtlebot3_simulations/turtlebot3_manipulation_gazebo -DCMAKE_INSTALL_PREFIX=/home/asser/test/turtlebot_ws/install/turtlebot3_manipulation_gazebo
[2.304s] Invoking command in '/home/asser/test/turtlebot_ws/build/turtlebot3_manipulation_gazebo': CMAKE_PREFIX_PATH=/opt/ros/humble CONDA_PROMPT_MODIFIER=(base) /usr/bin/cmake --build /home/asser/test/turtlebot_ws/build/turtlebot3_manipulation_gazebo -- -j12 -l12
[2.380s] Invoked command in '/home/asser/test/turtlebot_ws/build/turtlebot3_manipulation_gazebo' returned '0': CMAKE_PREFIX_PATH=/opt/ros/humble CONDA_PROMPT_MODIFIER=(base) /usr/bin/cmake --build /home/asser/test/turtlebot_ws/build/turtlebot3_manipulation_gazebo -- -j12 -l12
[2.384s] Invoking command in '/home/asser/test/turtlebot_ws/build/turtlebot3_manipulation_gazebo': CMAKE_PREFIX_PATH=/opt/ros/humble CONDA_PROMPT_MODIFIER=(base) /usr/bin/cmake --install /home/asser/test/turtlebot_ws/build/turtlebot3_manipulation_gazebo
[2.396s] -- Install configuration: ""
[2.396s] -- Installing: /home/asser/test/turtlebot_ws/install/turtlebot3_manipulation_gazebo/share/turtlebot3_manipulation_gazebo/config
[2.398s] -- Installing: /home/asser/test/turtlebot_ws/install/turtlebot3_manipulation_gazebo/share/turtlebot3_manipulation_gazebo/config/gazebo_controller_manager.yaml
[2.399s] -- Installing: /home/asser/test/turtlebot_ws/install/turtlebot3_manipulation_gazebo/share/turtlebot3_manipulation_gazebo/config/hardware_controller_manager.yaml
[2.399s] -- Installing: /home/asser/test/turtlebot_ws/install/turtlebot3_manipulation_gazebo/share/turtlebot3_manipulation_gazebo/gazebo
[2.400s] -- Installing: /home/asser/test/turtlebot_ws/install/turtlebot3_manipulation_gazebo/share/turtlebot3_manipulation_gazebo/gazebo/materials.xacro
[2.401s] -- Installing: /home/asser/test/turtlebot_ws/install/turtlebot3_manipulation_gazebo/share/turtlebot3_manipulation_gazebo/gazebo/open_manipulator_x.gazebo.xacro
[2.402s] -- Installing: /home/asser/test/turtlebot_ws/install/turtlebot3_manipulation_gazebo/share/turtlebot3_manipulation_gazebo/gazebo/turtlebot3_waffle_pi.gazebo.xacro
[2.403s] -- Installing: /home/asser/test/turtlebot_ws/install/turtlebot3_manipulation_gazebo/share/turtlebot3_manipulation_gazebo/launch
[2.404s] -- Installing: /home/asser/test/turtlebot_ws/install/turtlebot3_manipulation_gazebo/share/turtlebot3_manipulation_gazebo/launch/base.launch.py
[2.404s] -- Installing: /home/asser/test/turtlebot_ws/install/turtlebot3_manipulation_gazebo/share/turtlebot3_manipulation_gazebo/launch/turtlebot3_home_service_challenge.launch.py
[2.404s] -- Installing: /home/asser/test/turtlebot_ws/install/turtlebot3_manipulation_gazebo/share/turtlebot3_manipulation_gazebo/launch/gazebo.launch.py
[2.404s] -- Installing: /home/asser/test/turtlebot_ws/install/turtlebot3_manipulation_gazebo/share/turtlebot3_manipulation_gazebo/launch/fake.launch.py
[2.406s] -- Installing: /home/asser/test/turtlebot_ws/install/turtlebot3_manipulation_gazebo/share/turtlebot3_manipulation_gazebo/ros2_control
[2.406s] -- Installing: /home/asser/test/turtlebot_ws/install/turtlebot3_manipulation_gazebo/share/turtlebot3_manipulation_gazebo/ros2_control/turtlebot3_manipulation_system.ros2_control.xacro
[2.407s] -- Installing: /home/asser/test/turtlebot_ws/install/turtlebot3_manipulation_gazebo/share/turtlebot3_manipulation_gazebo/rviz
[2.407s] -- Installing: /home/asser/test/turtlebot_ws/install/turtlebot3_manipulation_gazebo/share/turtlebot3_manipulation_gazebo/rviz/turtlebot3_manipulation.rviz
[2.408s] -- Installing: /home/asser/test/turtlebot_ws/install/turtlebot3_manipulation_gazebo/share/turtlebot3_manipulation_gazebo/urdf
[2.408s] -- Installing: /home/asser/test/turtlebot_ws/install/turtlebot3_manipulation_gazebo/share/turtlebot3_manipulation_gazebo/urdf/turtlebot3_manipulation.urdf.xacro
[2.409s] -- Installing: /home/asser/test/turtlebot_ws/install/turtlebot3_manipulation_gazebo/share/turtlebot3_manipulation_gazebo/urdf/turtlebot3_waffle_pi.urdf.xacro
[2.409s] -- Installing: /home/asser/test/turtlebot_ws/install/turtlebot3_manipulation_gazebo/share/turtlebot3_manipulation_gazebo/urdf/open_manipulator_x.urdf.xacro
[2.410s] -- Installing: /home/asser/test/turtlebot_ws/install/turtlebot3_manipulation_gazebo/share/turtlebot3_manipulation_gazebo/worlds
[2.410s] -- Installing: /home/asser/test/turtlebot_ws/install/turtlebot3_manipulation_gazebo/share/turtlebot3_manipulation_gazebo/worlds/turtlebot3_home_service_challenge.world
[2.410s] -- Installing: /home/asser/test/turtlebot_ws/install/turtlebot3_manipulation_gazebo/share/turtlebot3_manipulation_gazebo/models
[2.411s] -- Installing: /home/asser/test/turtlebot_ws/install/turtlebot3_manipulation_gazebo/share/turtlebot3_manipulation_gazebo/models/turtlebot3_home_service_challenge
[2.414s] -- Installing: /home/asser/test/turtlebot_ws/install/turtlebot3_manipulation_gazebo/share/turtlebot3_manipulation_gazebo/models/turtlebot3_home_service_challenge/marker3
[2.414s] -- Installing: /home/asser/test/turtlebot_ws/install/turtlebot3_manipulation_gazebo/share/turtlebot3_manipulation_gazebo/models/turtlebot3_home_service_challenge/marker3/model-1_4.sdf
[2.414s] -- Installing: /home/asser/test/turtlebot_ws/install/turtlebot3_manipulation_gazebo/share/turtlebot3_manipulation_gazebo/models/turtlebot3_home_service_challenge/marker3/model-1_5.sdf
[2.419s] -- Installing: /home/asser/test/turtlebot_ws/install/turtlebot3_manipulation_gazebo/share/turtlebot3_manipulation_gazebo/models/turtlebot3_home_service_challenge/marker3/model.sdf
[2.419s] -- Installing: /home/asser/test/turtlebot_ws/install/turtlebot3_manipulation_gazebo/share/turtlebot3_manipulation_gazebo/models/turtlebot3_home_service_challenge/marker3/materials
[2.420s] -- Installing: /home/asser/test/turtlebot_ws/install/turtlebot3_manipulation_gazebo/share/turtlebot3_manipulation_gazebo/models/turtlebot3_home_service_challenge/marker3/materials/textures
[2.420s] -- Installing: /home/asser/test/turtlebot_ws/install/turtlebot3_manipulation_gazebo/share/turtlebot3_manipulation_gazebo/models/turtlebot3_home_service_challenge/marker3/materials/textures/Marker3.png
[2.420s] -- Installing: /home/asser/test/turtlebot_ws/install/turtlebot3_manipulation_gazebo/share/turtlebot3_manipulation_gazebo/models/turtlebot3_home_service_challenge/marker3/meshes
[2.420s] -- Installing: /home/asser/test/turtlebot_ws/install/turtlebot3_manipulation_gazebo/share/turtlebot3_manipulation_gazebo/models/turtlebot3_home_service_challenge/marker3/meshes/Marker3.dae
[2.421s] -- Installing: /home/asser/test/turtlebot_ws/install/turtlebot3_manipulation_gazebo/share/turtlebot3_manipulation_gazebo/models/turtlebot3_home_service_challenge/marker3/model.config
[2.422s] -- Installing: /home/asser/test/turtlebot_ws/install/turtlebot3_manipulation_gazebo/share/turtlebot3_manipulation_gazebo/models/turtlebot3_home_service_challenge/marker6
[2.422s] -- Installing: /home/asser/test/turtlebot_ws/install/turtlebot3_manipulation_gazebo/share/turtlebot3_manipulation_gazebo/models/turtlebot3_home_service_challenge/marker6/model-1_4.sdf
[2.423s] -- Installing: /home/asser/test/turtlebot_ws/install/turtlebot3_manipulation_gazebo/share/turtlebot3_manipulation_gazebo/models/turtlebot3_home_service_challenge/marker6/model-1_5.sdf
[2.423s] -- Installing: /home/asser/test/turtlebot_ws/install/turtlebot3_manipulation_gazebo/share/turtlebot3_manipulation_gazebo/models/turtlebot3_home_service_challenge/marker6/model.sdf
[2.423s] -- Installing: /home/asser/test/turtlebot_ws/install/turtlebot3_manipulation_gazebo/share/turtlebot3_manipulation_gazebo/models/turtlebot3_home_service_challenge/marker6/materials
[2.424s] -- Installing: /home/asser/test/turtlebot_ws/install/turtlebot3_manipulation_gazebo/share/turtlebot3_manipulation_gazebo/models/turtlebot3_home_service_challenge/marker6/materials/textures
[2.424s] -- Installing: /home/asser/test/turtlebot_ws/install/turtlebot3_manipulation_gazebo/share/turtlebot3_manipulation_gazebo/models/turtlebot3_home_service_challenge/marker6/materials/textures/Marker6.png
[2.425s] -- Installing: /home/asser/test/turtlebot_ws/install/turtlebot3_manipulation_gazebo/share/turtlebot3_manipulation_gazebo/models/turtlebot3_home_service_challenge/marker6/meshes
[2.425s] -- Installing: /home/asser/test/turtlebot_ws/install/turtlebot3_manipulation_gazebo/share/turtlebot3_manipulation_gazebo/models/turtlebot3_home_service_challenge/marker6/meshes/Marker6.dae
[2.426s] -- Installing: /home/asser/test/turtlebot_ws/install/turtlebot3_manipulation_gazebo/share/turtlebot3_manipulation_gazebo/models/turtlebot3_home_service_challenge/marker6/model.config
[2.428s] -- Installing: /home/asser/test/turtlebot_ws/install/turtlebot3_manipulation_gazebo/share/turtlebot3_manipulation_gazebo/models/turtlebot3_home_service_challenge/marker4
[2.429s] -- Installing: /home/asser/test/turtlebot_ws/install/turtlebot3_manipulation_gazebo/share/turtlebot3_manipulation_gazebo/models/turtlebot3_home_service_challenge/marker4/model-1_4.sdf
[2.429s] -- Installing: /home/asser/test/turtlebot_ws/install/turtlebot3_manipulation_gazebo/share/turtlebot3_manipulation_gazebo/models/turtlebot3_home_service_challenge/marker4/model-1_5.sdf
[2.430s] -- Installing: /home/asser/test/turtlebot_ws/install/turtlebot3_manipulation_gazebo/share/turtlebot3_manipulation_gazebo/models/turtlebot3_home_service_challenge/marker4/model.sdf
[2.431s] -- Installing: /home/asser/test/turtlebot_ws/install/turtlebot3_manipulation_gazebo/share/turtlebot3_manipulation_gazebo/models/turtlebot3_home_service_challenge/marker4/materials
[2.431s] -- Installing: /home/asser/test/turtlebot_ws/install/turtlebot3_manipulation_gazebo/share/turtlebot3_manipulation_gazebo/models/turtlebot3_home_service_challenge/marker4/materials/textures
[2.434s] -- Installing: /home/asser/test/turtlebot_ws/install/turtlebot3_manipulation_gazebo/share/turtlebot3_manipulation_gazebo/models/turtlebot3_home_service_challenge/marker4/materials/textures/Marker4.png
[2.434s] -- Installing: /home/asser/test/turtlebot_ws/install/turtlebot3_manipulation_gazebo/share/turtlebot3_manipulation_gazebo/models/turtlebot3_home_service_challenge/marker4/meshes
[2.434s] -- Installing: /home/asser/test/turtlebot_ws/install/turtlebot3_manipulation_gazebo/share/turtlebot3_manipulation_gazebo/models/turtlebot3_home_service_challenge/marker4/meshes/Marker4.dae
[2.435s] -- Installing: /home/asser/test/turtlebot_ws/install/turtlebot3_manipulation_gazebo/share/turtlebot3_manipulation_gazebo/models/turtlebot3_home_service_challenge/marker4/model.config
[2.435s] -- Installing: /home/asser/test/turtlebot_ws/install/turtlebot3_manipulation_gazebo/share/turtlebot3_manipulation_gazebo/models/turtlebot3_home_service_challenge/marker7
[2.435s] -- Installing: /home/asser/test/turtlebot_ws/install/turtlebot3_manipulation_gazebo/share/turtlebot3_manipulation_gazebo/models/turtlebot3_home_service_challenge/marker7/model-1_4.sdf
[2.436s] -- Installing: /home/asser/test/turtlebot_ws/install/turtlebot3_manipulation_gazebo/share/turtlebot3_manipulation_gazebo/models/turtlebot3_home_service_challenge/marker7/model-1_5.sdf
[2.437s] -- Installing: /home/asser/test/turtlebot_ws/install/turtlebot3_manipulation_gazebo/share/turtlebot3_manipulation_gazebo/models/turtlebot3_home_service_challenge/marker7/model.sdf
[2.437s] -- Installing: /home/asser/test/turtlebot_ws/install/turtlebot3_manipulation_gazebo/share/turtlebot3_manipulation_gazebo/models/turtlebot3_home_service_challenge/marker7/materials
[2.438s] -- Installing: /home/asser/test/turtlebot_ws/install/turtlebot3_manipulation_gazebo/share/turtlebot3_manipulation_gazebo/models/turtlebot3_home_service_challenge/marker7/materials/textures
[2.438s] -- Installing: /home/asser/test/turtlebot_ws/install/turtlebot3_manipulation_gazebo/share/turtlebot3_manipulation_gazebo/models/turtlebot3_home_service_challenge/marker7/materials/textures/Marker7.png
[2.438s] -- Installing: /home/asser/test/turtlebot_ws/install/turtlebot3_manipulation_gazebo/share/turtlebot3_manipulation_gazebo/models/turtlebot3_home_service_challenge/marker7/meshes
[2.441s] -- Installing: /home/asser/test/turtlebot_ws/install/turtlebot3_manipulation_gazebo/share/turtlebot3_manipulation_gazebo/models/turtlebot3_home_service_challenge/marker7/meshes/Marker7.dae
[2.441s] -- Installing: /home/asser/test/turtlebot_ws/install/turtlebot3_manipulation_gazebo/share/turtlebot3_manipulation_gazebo/models/turtlebot3_home_service_challenge/marker7/model.config
[2.441s] -- Installing: /home/asser/test/turtlebot_ws/install/turtlebot3_manipulation_gazebo/share/turtlebot3_manipulation_gazebo/models/turtlebot3_home_service_challenge/marker0
[2.444s] -- Installing: /home/asser/test/turtlebot_ws/install/turtlebot3_manipulation_gazebo/share/turtlebot3_manipulation_gazebo/models/turtlebot3_home_service_challenge/marker0/model-1_4.sdf
[2.444s] -- Installing: /home/asser/test/turtlebot_ws/install/turtlebot3_manipulation_gazebo/share/turtlebot3_manipulation_gazebo/models/turtlebot3_home_service_challenge/marker0/model-1_5.sdf
[2.445s] -- Installing: /home/asser/test/turtlebot_ws/install/turtlebot3_manipulation_gazebo/share/turtlebot3_manipulation_gazebo/models/turtlebot3_home_service_challenge/marker0/model.sdf
[2.445s] -- Installing: /home/asser/test/turtlebot_ws/install/turtlebot3_manipulation_gazebo/share/turtlebot3_manipulation_gazebo/models/turtlebot3_home_service_challenge/marker0/materials
[2.447s] -- Installing: /home/asser/test/turtlebot_ws/install/turtlebot3_manipulation_gazebo/share/turtlebot3_manipulation_gazebo/models/turtlebot3_home_service_challenge/marker0/materials/textures
[2.447s] -- Installing: /home/asser/test/turtlebot_ws/install/turtlebot3_manipulation_gazebo/share/turtlebot3_manipulation_gazebo/models/turtlebot3_home_service_challenge/marker0/materials/textures/Marker0.png
[2.449s] -- Installing: /home/asser/test/turtlebot_ws/install/turtlebot3_manipulation_gazebo/share/turtlebot3_manipulation_gazebo/models/turtlebot3_home_service_challenge/marker0/meshes
[2.449s] -- Installing: /home/asser/test/turtlebot_ws/install/turtlebot3_manipulation_gazebo/share/turtlebot3_manipulation_gazebo/models/turtlebot3_home_service_challenge/marker0/meshes/Marker0.dae
[2.450s] -- Installing: /home/asser/test/turtlebot_ws/install/turtlebot3_manipulation_gazebo/share/turtlebot3_manipulation_gazebo/models/turtlebot3_home_service_challenge/marker0/model.config
[2.450s] -- Installing: /home/asser/test/turtlebot_ws/install/turtlebot3_manipulation_gazebo/share/turtlebot3_manipulation_gazebo/models/turtlebot3_home_service_challenge/marker2
[2.450s] -- Installing: /home/asser/test/turtlebot_ws/install/turtlebot3_manipulation_gazebo/share/turtlebot3_manipulation_gazebo/models/turtlebot3_home_service_challenge/marker2/model-1_4.sdf
[2.450s] -- Installing: /home/asser/test/turtlebot_ws/install/turtlebot3_manipulation_gazebo/share/turtlebot3_manipulation_gazebo/models/turtlebot3_home_service_challenge/marker2/model-1_5.sdf
[2.451s] -- Installing: /home/asser/test/turtlebot_ws/install/turtlebot3_manipulation_gazebo/share/turtlebot3_manipulation_gazebo/models/turtlebot3_home_service_challenge/marker2/model.sdf
[2.451s] -- Installing: /home/asser/test/turtlebot_ws/install/turtlebot3_manipulation_gazebo/share/turtlebot3_manipulation_gazebo/models/turtlebot3_home_service_challenge/marker2/materials
[2.452s] -- Installing: /home/asser/test/turtlebot_ws/install/turtlebot3_manipulation_gazebo/share/turtlebot3_manipulation_gazebo/models/turtlebot3_home_service_challenge/marker2/materials/textures
[2.452s] -- Installing: /home/asser/test/turtlebot_ws/install/turtlebot3_manipulation_gazebo/share/turtlebot3_manipulation_gazebo/models/turtlebot3_home_service_challenge/marker2/materials/textures/Marker2.png
[2.452s] -- Installing: /home/asser/test/turtlebot_ws/install/turtlebot3_manipulation_gazebo/share/turtlebot3_manipulation_gazebo/models/turtlebot3_home_service_challenge/marker2/meshes
[2.452s] -- Installing: /home/asser/test/turtlebot_ws/install/turtlebot3_manipulation_gazebo/share/turtlebot3_manipulation_gazebo/models/turtlebot3_home_service_challenge/marker2/meshes/Marker2.dae
[2.452s] -- Installing: /home/asser/test/turtlebot_ws/install/turtlebot3_manipulation_gazebo/share/turtlebot3_manipulation_gazebo/models/turtlebot3_home_service_challenge/marker2/model.config
[2.453s] -- Installing: /home/asser/test/turtlebot_ws/install/turtlebot3_manipulation_gazebo/share/turtlebot3_manipulation_gazebo/models/turtlebot3_home_service_challenge/marker1
[2.453s] -- Installing: /home/asser/test/turtlebot_ws/install/turtlebot3_manipulation_gazebo/share/turtlebot3_manipulation_gazebo/models/turtlebot3_home_service_challenge/marker1/model-1_4.sdf
[2.454s] -- Installing: /home/asser/test/turtlebot_ws/install/turtlebot3_manipulation_gazebo/share/turtlebot3_manipulation_gazebo/models/turtlebot3_home_service_challenge/marker1/model-1_5.sdf
[2.454s] -- Installing: /home/asser/test/turtlebot_ws/install/turtlebot3_manipulation_gazebo/share/turtlebot3_manipulation_gazebo/models/turtlebot3_home_service_challenge/marker1/model.sdf
[2.454s] -- Installing: /home/asser/test/turtlebot_ws/install/turtlebot3_manipulation_gazebo/share/turtlebot3_manipulation_gazebo/models/turtlebot3_home_service_challenge/marker1/materials
[2.455s] -- Installing: /home/asser/test/turtlebot_ws/install/turtlebot3_manipulation_gazebo/share/turtlebot3_manipulation_gazebo/models/turtlebot3_home_service_challenge/marker1/materials/textures
[2.455s] -- Installing: /home/asser/test/turtlebot_ws/install/turtlebot3_manipulation_gazebo/share/turtlebot3_manipulation_gazebo/models/turtlebot3_home_service_challenge/marker1/materials/textures/Marker1.png
[2.455s] -- Installing: /home/asser/test/turtlebot_ws/install/turtlebot3_manipulation_gazebo/share/turtlebot3_manipulation_gazebo/models/turtlebot3_home_service_challenge/marker1/meshes
[2.455s] -- Installing: /home/asser/test/turtlebot_ws/install/turtlebot3_manipulation_gazebo/share/turtlebot3_manipulation_gazebo/models/turtlebot3_home_service_challenge/marker1/meshes/Marker1.dae
[2.456s] -- Installing: /home/asser/test/turtlebot_ws/install/turtlebot3_manipulation_gazebo/share/turtlebot3_manipulation_gazebo/models/turtlebot3_home_service_challenge/marker1/model.config
[2.456s] -- Installing: /home/asser/test/turtlebot_ws/install/turtlebot3_manipulation_gazebo/share/turtlebot3_manipulation_gazebo/models/turtlebot3_home_service_challenge/marker5
[2.457s] -- Installing: /home/asser/test/turtlebot_ws/install/turtlebot3_manipulation_gazebo/share/turtlebot3_manipulation_gazebo/models/turtlebot3_home_service_challenge/marker5/model-1_4.sdf
[2.457s] -- Installing: /home/asser/test/turtlebot_ws/install/turtlebot3_manipulation_gazebo/share/turtlebot3_manipulation_gazebo/models/turtlebot3_home_service_challenge/marker5/model-1_5.sdf
[2.457s] -- Installing: /home/asser/test/turtlebot_ws/install/turtlebot3_manipulation_gazebo/share/turtlebot3_manipulation_gazebo/models/turtlebot3_home_service_challenge/marker5/model.sdf
[2.458s] -- Installing: /home/asser/test/turtlebot_ws/install/turtlebot3_manipulation_gazebo/share/turtlebot3_manipulation_gazebo/models/turtlebot3_home_service_challenge/marker5/materials
[2.459s] -- Installing: /home/asser/test/turtlebot_ws/install/turtlebot3_manipulation_gazebo/share/turtlebot3_manipulation_gazebo/models/turtlebot3_home_service_challenge/marker5/materials/textures
[2.460s] -- Installing: /home/asser/test/turtlebot_ws/install/turtlebot3_manipulation_gazebo/share/turtlebot3_manipulation_gazebo/models/turtlebot3_home_service_challenge/marker5/materials/textures/Marker5.png
[2.460s] -- Installing: /home/asser/test/turtlebot_ws/install/turtlebot3_manipulation_gazebo/share/turtlebot3_manipulation_gazebo/models/turtlebot3_home_service_challenge/marker5/meshes
[2.460s] -- Installing: /home/asser/test/turtlebot_ws/install/turtlebot3_manipulation_gazebo/share/turtlebot3_manipulation_gazebo/models/turtlebot3_home_service_challenge/marker5/meshes/Marker5.dae
[2.461s] -- Installing: /home/asser/test/turtlebot_ws/install/turtlebot3_manipulation_gazebo/share/turtlebot3_manipulation_gazebo/models/turtlebot3_home_service_challenge/marker5/model.config
[2.461s] -- Installing: /home/asser/test/turtlebot_ws/install/turtlebot3_manipulation_gazebo/share/turtlebot3_manipulation_gazebo/models/turtlebot3_home_service_challenge/marker8
[2.461s] -- Installing: /home/asser/test/turtlebot_ws/install/turtlebot3_manipulation_gazebo/share/turtlebot3_manipulation_gazebo/models/turtlebot3_home_service_challenge/marker8/model-1_4.sdf
[2.462s] -- Installing: /home/asser/test/turtlebot_ws/install/turtlebot3_manipulation_gazebo/share/turtlebot3_manipulation_gazebo/models/turtlebot3_home_service_challenge/marker8/model-1_5.sdf
[2.463s] -- Installing: /home/asser/test/turtlebot_ws/install/turtlebot3_manipulation_gazebo/share/turtlebot3_manipulation_gazebo/models/turtlebot3_home_service_challenge/marker8/model.sdf
[2.463s] -- Installing: /home/asser/test/turtlebot_ws/install/turtlebot3_manipulation_gazebo/share/turtlebot3_manipulation_gazebo/models/turtlebot3_home_service_challenge/marker8/materials
[2.464s] -- Installing: /home/asser/test/turtlebot_ws/install/turtlebot3_manipulation_gazebo/share/turtlebot3_manipulation_gazebo/models/turtlebot3_home_service_challenge/marker8/materials/textures
[2.465s] -- Installing: /home/asser/test/turtlebot_ws/install/turtlebot3_manipulation_gazebo/share/turtlebot3_manipulation_gazebo/models/turtlebot3_home_service_challenge/marker8/materials/textures/Marker8.png
[2.466s] -- Installing: /home/asser/test/turtlebot_ws/install/turtlebot3_manipulation_gazebo/share/turtlebot3_manipulation_gazebo/models/turtlebot3_home_service_challenge/marker8/meshes
[2.466s] -- Installing: /home/asser/test/turtlebot_ws/install/turtlebot3_manipulation_gazebo/share/turtlebot3_manipulation_gazebo/models/turtlebot3_home_service_challenge/marker8/meshes/Marker8.dae
[2.466s] -- Installing: /home/asser/test/turtlebot_ws/install/turtlebot3_manipulation_gazebo/share/turtlebot3_manipulation_gazebo/models/turtlebot3_home_service_challenge/marker8/model.config
[2.467s] -- Installing: /home/asser/test/turtlebot_ws/install/turtlebot3_manipulation_gazebo/share/turtlebot3_manipulation_gazebo/models/turtlebot3_home_service_challenge/marker9
[2.470s] -- Installing: /home/asser/test/turtlebot_ws/install/turtlebot3_manipulation_gazebo/share/turtlebot3_manipulation_gazebo/models/turtlebot3_home_service_challenge/marker9/model-1_4.sdf
[2.471s] -- Installing: /home/asser/test/turtlebot_ws/install/turtlebot3_manipulation_gazebo/share/turtlebot3_manipulation_gazebo/models/turtlebot3_home_service_challenge/marker9/model-1_5.sdf
[2.471s] -- Installing: /home/asser/test/turtlebot_ws/install/turtlebot3_manipulation_gazebo/share/turtlebot3_manipulation_gazebo/models/turtlebot3_home_service_challenge/marker9/model.sdf
[2.472s] -- Installing: /home/asser/test/turtlebot_ws/install/turtlebot3_manipulation_gazebo/share/turtlebot3_manipulation_gazebo/models/turtlebot3_home_service_challenge/marker9/materials
[2.472s] -- Installing: /home/asser/test/turtlebot_ws/install/turtlebot3_manipulation_gazebo/share/turtlebot3_manipulation_gazebo/models/turtlebot3_home_service_challenge/marker9/materials/textures
[2.472s] -- Installing: /home/asser/test/turtlebot_ws/install/turtlebot3_manipulation_gazebo/share/turtlebot3_manipulation_gazebo/models/turtlebot3_home_service_challenge/marker9/materials/textures/Marker9.png
[2.473s] -- Installing: /home/asser/test/turtlebot_ws/install/turtlebot3_manipulation_gazebo/share/turtlebot3_manipulation_gazebo/models/turtlebot3_home_service_challenge/marker9/meshes
[2.473s] -- Installing: /home/asser/test/turtlebot_ws/install/turtlebot3_manipulation_gazebo/share/turtlebot3_manipulation_gazebo/models/turtlebot3_home_service_challenge/marker9/meshes/Marker9.dae
[2.474s] -- Installing: /home/asser/test/turtlebot_ws/install/turtlebot3_manipulation_gazebo/share/turtlebot3_manipulation_gazebo/models/turtlebot3_home_service_challenge/marker9/model.config
[2.475s] -- Installing: /home/asser/test/turtlebot_ws/install/turtlebot3_manipulation_gazebo/share/turtlebot3_manipulation_gazebo/meshes
[2.475s] -- Installing: /home/asser/test/turtlebot_ws/install/turtlebot3_manipulation_gazebo/share/turtlebot3_manipulation_gazebo/meshes/open_manipulator_x
[2.476s] -- Installing: /home/asser/test/turtlebot_ws/install/turtlebot3_manipulation_gazebo/share/turtlebot3_manipulation_gazebo/meshes/open_manipulator_x/gripper_left_palm.stl
[2.476s] -- Installing: /home/asser/test/turtlebot_ws/install/turtlebot3_manipulation_gazebo/share/turtlebot3_manipulation_gazebo/meshes/open_manipulator_x/link2.stl
[2.478s] -- Installing: /home/asser/test/turtlebot_ws/install/turtlebot3_manipulation_gazebo/share/turtlebot3_manipulation_gazebo/meshes/open_manipulator_x/link1.stl
[2.481s] -- Installing: /home/asser/test/turtlebot_ws/install/turtlebot3_manipulation_gazebo/share/turtlebot3_manipulation_gazebo/meshes/open_manipulator_x/link4.stl
[2.484s] -- Installing: /home/asser/test/turtlebot_ws/install/turtlebot3_manipulation_gazebo/share/turtlebot3_manipulation_gazebo/meshes/open_manipulator_x/link5.stl
[2.487s] -- Installing: /home/asser/test/turtlebot_ws/install/turtlebot3_manipulation_gazebo/share/turtlebot3_manipulation_gazebo/meshes/open_manipulator_x/link3.stl
[2.491s] -- Installing: /home/asser/test/turtlebot_ws/install/turtlebot3_manipulation_gazebo/share/turtlebot3_manipulation_gazebo/meshes/open_manipulator_x/gripper_right_palm.stl
[2.491s] -- Installing: /home/asser/test/turtlebot_ws/install/turtlebot3_manipulation_gazebo/share/turtlebot3_manipulation_gazebo/meshes/turtlebot3_waffle_pi
[2.492s] -- Installing: /home/asser/test/turtlebot_ws/install/turtlebot3_manipulation_gazebo/share/turtlebot3_manipulation_gazebo/meshes/turtlebot3_waffle_pi/ladar.stl
[2.494s] -- Installing: /home/asser/test/turtlebot_ws/install/turtlebot3_manipulation_gazebo/share/turtlebot3_manipulation_gazebo/meshes/turtlebot3_waffle_pi/left_tire.stl
[2.498s] -- Installing: /home/asser/test/turtlebot_ws/install/turtlebot3_manipulation_gazebo/share/turtlebot3_manipulation_gazebo/meshes/turtlebot3_waffle_pi/base.stl
[2.516s] -- Installing: /home/asser/test/turtlebot_ws/install/turtlebot3_manipulation_gazebo/share/turtlebot3_manipulation_gazebo/meshes/turtlebot3_waffle_pi/right_tire.stl
[2.520s] -- Installing: /home/asser/test/turtlebot_ws/install/turtlebot3_manipulation_gazebo/share/ament_index/resource_index/package_run_dependencies/turtlebot3_manipulation_gazebo
[2.521s] -- Installing: /home/asser/test/turtlebot_ws/install/turtlebot3_manipulation_gazebo/share/ament_index/resource_index/parent_prefix_path/turtlebot3_manipulation_gazebo
[2.522s] -- Installing: /home/asser/test/turtlebot_ws/install/turtlebot3_manipulation_gazebo/share/turtlebot3_manipulation_gazebo/environment/ament_prefix_path.sh
[2.522s] -- Installing: /home/asser/test/turtlebot_ws/install/turtlebot3_manipulation_gazebo/share/turtlebot3_manipulation_gazebo/environment/ament_prefix_path.dsv
[2.522s] -- Installing: /home/asser/test/turtlebot_ws/install/turtlebot3_manipulation_gazebo/share/turtlebot3_manipulation_gazebo/environment/path.sh
[2.523s] -- Installing: /home/asser/test/turtlebot_ws/install/turtlebot3_manipulation_gazebo/share/turtlebot3_manipulation_gazebo/environment/path.dsv
[2.523s] -- Installing: /home/asser/test/turtlebot_ws/install/turtlebot3_manipulation_gazebo/share/turtlebot3_manipulation_gazebo/local_setup.bash
[2.523s] -- Installing: /home/asser/test/turtlebot_ws/install/turtlebot3_manipulation_gazebo/share/turtlebot3_manipulation_gazebo/local_setup.sh
[2.524s] -- Installing: /home/asser/test/turtlebot_ws/install/turtlebot3_manipulation_gazebo/share/turtlebot3_manipulation_gazebo/local_setup.zsh
[2.524s] -- Installing: /home/asser/test/turtlebot_ws/install/turtlebot3_manipulation_gazebo/share/turtlebot3_manipulation_gazebo/local_setup.dsv
[2.524s] -- Installing: /home/asser/test/turtlebot_ws/install/turtlebot3_manipulation_gazebo/share/turtlebot3_manipulation_gazebo/package.dsv
[2.525s] -- Installing: /home/asser/test/turtlebot_ws/install/turtlebot3_manipulation_gazebo/share/ament_index/resource_index/packages/turtlebot3_manipulation_gazebo
[2.526s] -- Installing: /home/asser/test/turtlebot_ws/install/turtlebot3_manipulation_gazebo/share/turtlebot3_manipulation_gazebo/cmake/turtlebot3_manipulation_gazeboConfig.cmake
[2.526s] -- Installing: /home/asser/test/turtlebot_ws/install/turtlebot3_manipulation_gazebo/share/turtlebot3_manipulation_gazebo/cmake/turtlebot3_manipulation_gazeboConfig-version.cmake
[2.527s] -- Installing: /home/asser/test/turtlebot_ws/install/turtlebot3_manipulation_gazebo/share/turtlebot3_manipulation_gazebo/package.xml
[2.530s] Invoked command in '/home/asser/test/turtlebot_ws/build/turtlebot3_manipulation_gazebo' returned '0': CMAKE_PREFIX_PATH=/opt/ros/humble CONDA_PROMPT_MODIFIER=(base) /usr/bin/cmake --install /home/asser/test/turtlebot_ws/build/turtlebot3_manipulation_gazebo
