[0.060s] Invoking command in '/home/asser/test/turtlebot_ws/build/turtlebot3_navigation2': CMAKE_PREFIX_PATH=/opt/ros/humble CONDA_PROMPT_MODIFIER=(base) /usr/bin/cmake /home/asser/test/turtlebot_ws/src/turtlebot3/turtlebot3_navigation2 -DCMAKE_INSTALL_PREFIX=/home/asser/test/turtlebot_ws/install/turtlebot3_navigation2
[0.445s] -- The C compiler identification is GNU 11.4.0
[0.616s] -- The CXX compiler identification is GNU 11.4.0
[0.795s] -- Detecting C compiler ABI info
[0.965s] -- Detecting C compiler ABI info - done
[0.976s] -- Check for working C compiler: /usr/bin/cc - skipped
[0.976s] -- Detecting C compile features
[0.977s] -- Detecting C compile features - done
[0.982s] -- Detecting CXX compiler ABI info
[1.168s] -- Detecting CXX compiler ABI info - done
[1.187s] -- Check for working CXX compiler: /usr/bin/c++ - skipped
[1.187s] -- Detecting CXX compile features
[1.189s] -- Detecting CXX compile features - done
[1.194s] -- Found ament_cmake: 1.3.12 (/opt/ros/humble/share/ament_cmake/cmake)
[1.913s] -- Found Python3: /home/asser/miniconda3/bin/python3 (found version "3.13.9") found components: Interpreter 
[2.263s] -- Configuring done
[2.272s] -- Generating done
[2.276s] -- Build files have been written to: /home/asser/test/turtlebot_ws/build/turtlebot3_navigation2
[2.340s] Invoked command in '/home/asser/test/turtlebot_ws/build/turtlebot3_navigation2' returned '0': CMAKE_PREFIX_PATH=/opt/ros/humble CONDA_PROMPT_MODIFIER=(base) /usr/bin/cmake /home/asser/test/turtlebot_ws/src/turtlebot3/turtlebot3_navigation2 -DCMAKE_INSTALL_PREFIX=/home/asser/test/turtlebot_ws/install/turtlebot3_navigation2
[2.341s] Invoking command in '/home/asser/test/turtlebot_ws/build/turtlebot3_navigation2': CMAKE_PREFIX_PATH=/opt/ros/humble CONDA_PROMPT_MODIFIER=(base) /usr/bin/cmake --build /home/asser/test/turtlebot_ws/build/turtlebot3_navigation2 -- -j12 -l12
[2.405s] Invoked command in '/home/asser/test/turtlebot_ws/build/turtlebot3_navigation2' returned '0': CMAKE_PREFIX_PATH=/opt/ros/humble CONDA_PROMPT_MODIFIER=(base) /usr/bin/cmake --build /home/asser/test/turtlebot_ws/build/turtlebot3_navigation2 -- -j12 -l12
[2.409s] Invoking command in '/home/asser/test/turtlebot_ws/build/turtlebot3_navigation2': CMAKE_PREFIX_PATH=/opt/ros/humble CONDA_PROMPT_MODIFIER=(base) /usr/bin/cmake --install /home/asser/test/turtlebot_ws/build/turtlebot3_navigation2
[2.422s] -- Install configuration: ""
[2.422s] -- Installing: /home/asser/test/turtlebot_ws/install/turtlebot3_navigation2/share/turtlebot3_navigation2/launch
[2.424s] -- Installing: /home/asser/test/turtlebot_ws/install/turtlebot3_navigation2/share/turtlebot3_navigation2/launch/navigation2.launch.py
[2.424s] -- Installing: /home/asser/test/turtlebot_ws/install/turtlebot3_navigation2/share/turtlebot3_navigation2/map
[2.426s] -- Installing: /home/asser/test/turtlebot_ws/install/turtlebot3_navigation2/share/turtlebot3_navigation2/map/map.yaml
[2.426s] -- Installing: /home/asser/test/turtlebot_ws/install/turtlebot3_navigation2/share/turtlebot3_navigation2/map/map.pgm
[2.428s] -- Installing: /home/asser/test/turtlebot_ws/install/turtlebot3_navigation2/share/turtlebot3_navigation2/param
[2.429s] -- Installing: /home/asser/test/turtlebot_ws/install/turtlebot3_navigation2/share/turtlebot3_navigation2/param/waffle.yaml
[2.429s] -- Installing: /home/asser/test/turtlebot_ws/install/turtlebot3_navigation2/share/turtlebot3_navigation2/param/humble
[2.430s] -- Installing: /home/asser/test/turtlebot_ws/install/turtlebot3_navigation2/share/turtlebot3_navigation2/param/humble/waffle.yaml
[2.432s] -- Installing: /home/asser/test/turtlebot_ws/install/turtlebot3_navigation2/share/turtlebot3_navigation2/param/humble/waffle_pi.yaml
[2.433s] -- Installing: /home/asser/test/turtlebot_ws/install/turtlebot3_navigation2/share/turtlebot3_navigation2/param/humble/burger_cam.yaml
[2.433s] -- Installing: /home/asser/test/turtlebot_ws/install/turtlebot3_navigation2/share/turtlebot3_navigation2/param/humble/burger.yaml
[2.434s] -- Installing: /home/asser/test/turtlebot_ws/install/turtlebot3_navigation2/share/turtlebot3_navigation2/param/waffle_pi.yaml
[2.436s] -- Installing: /home/asser/test/turtlebot_ws/install/turtlebot3_navigation2/share/turtlebot3_navigation2/param/burger_cam.yaml
[2.436s] -- Installing: /home/asser/test/turtlebot_ws/install/turtlebot3_navigation2/share/turtlebot3_navigation2/param/burger.yaml
[2.436s] -- Installing: /home/asser/test/turtlebot_ws/install/turtlebot3_navigation2/share/turtlebot3_navigation2/rviz
[2.437s] -- Installing: /home/asser/test/turtlebot_ws/install/turtlebot3_navigation2/share/turtlebot3_navigation2/rviz/tb3_navigation2.rviz
[2.438s] -- Installing: /home/asser/test/turtlebot_ws/install/turtlebot3_navigation2/share/ament_index/resource_index/package_run_dependencies/turtlebot3_navigation2
[2.439s] -- Installing: /home/asser/test/turtlebot_ws/install/turtlebot3_navigation2/share/ament_index/resource_index/parent_prefix_path/turtlebot3_navigation2
[2.439s] -- Installing: /home/asser/test/turtlebot_ws/install/turtlebot3_navigation2/share/turtlebot3_navigation2/environment/ament_prefix_path.sh
[2.440s] -- Installing: /home/asser/test/turtlebot_ws/install/turtlebot3_navigation2/share/turtlebot3_navigation2/environment/ament_prefix_path.dsv
[2.440s] -- Installing: /home/asser/test/turtlebot_ws/install/turtlebot3_navigation2/share/turtlebot3_navigation2/environment/path.sh
[2.442s] -- Installing: /home/asser/test/turtlebot_ws/install/turtlebot3_navigation2/share/turtlebot3_navigation2/environment/path.dsv
[2.442s] -- Installing: /home/asser/test/turtlebot_ws/install/turtlebot3_navigation2/share/turtlebot3_navigation2/local_setup.bash
[2.443s] -- Installing: /home/asser/test/turtlebot_ws/install/turtlebot3_navigation2/share/turtlebot3_navigation2/local_setup.sh
[2.443s] -- Installing: /home/asser/test/turtlebot_ws/install/turtlebot3_navigation2/share/turtlebot3_navigation2/local_setup.zsh
[2.443s] -- Installing: /home/asser/test/turtlebot_ws/install/turtlebot3_navigation2/share/turtlebot3_navigation2/local_setup.dsv
[2.444s] -- Installing: /home/asser/test/turtlebot_ws/install/turtlebot3_navigation2/share/turtlebot3_navigation2/package.dsv
[2.444s] -- Installing: /home/asser/test/turtlebot_ws/install/turtlebot3_navigation2/share/ament_index/resource_index/packages/turtlebot3_navigation2
[2.445s] -- Installing: /home/asser/test/turtlebot_ws/install/turtlebot3_navigation2/share/turtlebot3_navigation2/cmake/turtlebot3_navigation2Config.cmake
[2.445s] -- Installing: /home/asser/test/turtlebot_ws/install/turtlebot3_navigation2/share/turtlebot3_navigation2/cmake/turtlebot3_navigation2Config-version.cmake
[2.445s] -- Installing: /home/asser/test/turtlebot_ws/install/turtlebot3_navigation2/share/turtlebot3_navigation2/package.xml
[2.496s] Invoked command in '/home/asser/test/turtlebot_ws/build/turtlebot3_navigation2' returned '0': CMAKE_PREFIX_PATH=/opt/ros/humble CONDA_PROMPT_MODIFIER=(base) /usr/bin/cmake --install /home/asser/test/turtlebot_ws/build/turtlebot3_navigation2
