[0.054s] Invoking command in '/home/asser/test/turtlebot_ws/build/turtlebot3_cartographer': CMAKE_PREFIX_PATH=/opt/ros/humble CONDA_PROMPT_MODIFIER=(base) /usr/bin/cmake /home/asser/test/turtlebot_ws/src/turtlebot3/turtlebot3_cartographer -DCMAKE_INSTALL_PREFIX=/home/asser/test/turtlebot_ws/install/turtlebot3_cartographer
[0.455s] -- The C compiler identification is GNU 11.4.0
[0.623s] -- The CXX compiler identification is GNU 11.4.0
[0.762s] -- Detecting C compiler ABI info
[0.912s] -- Detecting C compiler ABI info - done
[0.922s] -- Check for working C compiler: /usr/bin/cc - skipped
[0.923s] -- Detecting C compile features
[0.924s] -- Detecting C compile features - done
[0.930s] -- Detecting CXX compiler ABI info
[1.104s] -- Detecting CXX compiler ABI info - done
[1.116s] -- Check for working CXX compiler: /usr/bin/c++ - skipped
[1.116s] -- Detecting CXX compile features
[1.117s] -- Detecting CXX compile features - done
[1.145s] -- Found ament_cmake: 1.3.12 (/opt/ros/humble/share/ament_cmake/cmake)
[1.910s] -- Found Python3: /home/asser/miniconda3/bin/python3 (found version "3.13.9") found components: Interpreter 
[2.276s] -- Configuring done
[2.284s] -- Generating done
[2.287s] -- Build files have been written to: /home/asser/test/turtlebot_ws/build/turtlebot3_cartographer
[2.306s] Invoked command in '/home/asser/test/turtlebot_ws/build/turtlebot3_cartographer' returned '0': CMAKE_PREFIX_PATH=/opt/ros/humble CONDA_PROMPT_MODIFIER=(base) /usr/bin/cmake /home/asser/test/turtlebot_ws/src/turtlebot3/turtlebot3_cartographer -DCMAKE_INSTALL_PREFIX=/home/asser/test/turtlebot_ws/install/turtlebot3_cartographer
[2.309s] Invoking command in '/home/asser/test/turtlebot_ws/build/turtlebot3_cartographer': CMAKE_PREFIX_PATH=/opt/ros/humble CONDA_PROMPT_MODIFIER=(base) /usr/bin/cmake --build /home/asser/test/turtlebot_ws/build/turtlebot3_cartographer -- -j12 -l12
[2.368s] Invoked command in '/home/asser/test/turtlebot_ws/build/turtlebot3_cartographer' returned '0': CMAKE_PREFIX_PATH=/opt/ros/humble CONDA_PROMPT_MODIFIER=(base) /usr/bin/cmake --build /home/asser/test/turtlebot_ws/build/turtlebot3_cartographer -- -j12 -l12
[2.387s] Invoking command in '/home/asser/test/turtlebot_ws/build/turtlebot3_cartographer': CMAKE_PREFIX_PATH=/opt/ros/humble CONDA_PROMPT_MODIFIER=(base) /usr/bin/cmake --install /home/asser/test/turtlebot_ws/build/turtlebot3_cartographer
[2.398s] -- Install configuration: ""
[2.398s] -- Installing: /home/asser/test/turtlebot_ws/install/turtlebot3_cartographer/share/turtlebot3_cartographer/config
[2.400s] -- Installing: /home/asser/test/turtlebot_ws/install/turtlebot3_cartographer/share/turtlebot3_cartographer/config/turtlebot3_lds_2d.lua
[2.401s] -- Installing: /home/asser/test/turtlebot_ws/install/turtlebot3_cartographer/share/turtlebot3_cartographer/launch
[2.402s] -- Installing: /home/asser/test/turtlebot_ws/install/turtlebot3_cartographer/share/turtlebot3_cartographer/launch/occupancy_grid.launch.py
[2.402s] -- Installing: /home/asser/test/turtlebot_ws/install/turtlebot3_cartographer/share/turtlebot3_cartographer/launch/cartographer.launch.py
[2.402s] -- Installing: /home/asser/test/turtlebot_ws/install/turtlebot3_cartographer/share/turtlebot3_cartographer/rviz
[2.403s] -- Installing: /home/asser/test/turtlebot_ws/install/turtlebot3_cartographer/share/turtlebot3_cartographer/rviz/tb3_cartographer.rviz
[2.405s] -- Installing: /home/asser/test/turtlebot_ws/install/turtlebot3_cartographer/share/ament_index/resource_index/package_run_dependencies/turtlebot3_cartographer
[2.405s] -- Installing: /home/asser/test/turtlebot_ws/install/turtlebot3_cartographer/share/ament_index/resource_index/parent_prefix_path/turtlebot3_cartographer
[2.406s] -- Installing: /home/asser/test/turtlebot_ws/install/turtlebot3_cartographer/share/turtlebot3_cartographer/environment/ament_prefix_path.sh
[2.407s] -- Installing: /home/asser/test/turtlebot_ws/install/turtlebot3_cartographer/share/turtlebot3_cartographer/environment/ament_prefix_path.dsv
[2.407s] -- Installing: /home/asser/test/turtlebot_ws/install/turtlebot3_cartographer/share/turtlebot3_cartographer/environment/path.sh
[2.407s] -- Installing: /home/asser/test/turtlebot_ws/install/turtlebot3_cartographer/share/turtlebot3_cartographer/environment/path.dsv
[2.407s] -- Installing: /home/asser/test/turtlebot_ws/install/turtlebot3_cartographer/share/turtlebot3_cartographer/local_setup.bash
[2.408s] -- Installing: /home/asser/test/turtlebot_ws/install/turtlebot3_cartographer/share/turtlebot3_cartographer/local_setup.sh
[2.409s] -- Installing: /home/asser/test/turtlebot_ws/install/turtlebot3_cartographer/share/turtlebot3_cartographer/local_setup.zsh
[2.409s] -- Installing: /home/asser/test/turtlebot_ws/install/turtlebot3_cartographer/share/turtlebot3_cartographer/local_setup.dsv
[2.409s] -- Installing: /home/asser/test/turtlebot_ws/install/turtlebot3_cartographer/share/turtlebot3_cartographer/package.dsv
[2.410s] -- Installing: /home/asser/test/turtlebot_ws/install/turtlebot3_cartographer/share/ament_index/resource_index/packages/turtlebot3_cartographer
[2.410s] -- Installing: /home/asser/test/turtlebot_ws/install/turtlebot3_cartographer/share/turtlebot3_cartographer/cmake/turtlebot3_cartographerConfig.cmake
[2.412s] -- Installing: /home/asser/test/turtlebot_ws/install/turtlebot3_cartographer/share/turtlebot3_cartographer/cmake/turtlebot3_cartographerConfig-version.cmake
[2.412s] -- Installing: /home/asser/test/turtlebot_ws/install/turtlebot3_cartographer/share/turtlebot3_cartographer/package.xml
[2.425s] Invoked command in '/home/asser/test/turtlebot_ws/build/turtlebot3_cartographer' returned '0': CMAKE_PREFIX_PATH=/opt/ros/humble CONDA_PROMPT_MODIFIER=(base) /usr/bin/cmake --install /home/asser/test/turtlebot_ws/build/turtlebot3_cartographer
