[0.056s] Invoking command in '/home/asser/test/turtlebot_ws/build/dynamixel_sdk': CMAKE_PREFIX_PATH=/opt/ros/humble CONDA_PROMPT_MODIFIER=(base) /usr/bin/cmake /home/asser/test/turtlebot_ws/src/DynamixelSDK/ros/dynamixel_sdk -DCMAKE_INSTALL_PREFIX=/home/asser/test/turtlebot_ws/install/dynamixel_sdk
[0.469s] -- The C compiler identification is GNU 11.4.0
[0.641s] -- The CXX compiler identification is GNU 11.4.0
[0.778s] -- Detecting C compiler ABI info
[0.931s] -- Detecting C compiler ABI info - done
[0.944s] -- Check for working C compiler: /usr/bin/cc - skipped
[0.944s] -- Detecting C compile features
[0.945s] -- Detecting C compile features - done
[0.948s] -- Detecting CXX compiler ABI info
[1.123s] -- Detecting CXX compiler ABI info - done
[1.135s] -- Check for working CXX compiler: /usr/bin/c++ - skipped
[1.136s] -- Detecting CXX compile features
[1.136s] -- Detecting CXX compile features - done
[1.162s] -- Found ament_cmake: 1.3.12 (/opt/ros/humble/share/ament_cmake/cmake)
[1.934s] -- Found Python3: /home/asser/miniconda3/bin/python3 (found version "3.13.9") found components: Interpreter 
[2.603s] -- Configuring done
[2.627s] -- Generating done
[2.629s] -- Build files have been written to: /home/asser/test/turtlebot_ws/build/dynamixel_sdk
[2.636s] Invoked command in '/home/asser/test/turtlebot_ws/build/dynamixel_sdk' returned '0': CMAKE_PREFIX_PATH=/opt/ros/humble CONDA_PROMPT_MODIFIER=(base) /usr/bin/cmake /home/asser/test/turtlebot_ws/src/DynamixelSDK/ros/dynamixel_sdk -DCMAKE_INSTALL_PREFIX=/home/asser/test/turtlebot_ws/install/dynamixel_sdk
[2.637s] Invoking command in '/home/asser/test/turtlebot_ws/build/dynamixel_sdk': CMAKE_PREFIX_PATH=/opt/ros/humble CONDA_PROMPT_MODIFIER=(base) /usr/bin/cmake --build /home/asser/test/turtlebot_ws/build/dynamixel_sdk -- -j12 -l12
[2.699s] [  5%] [32mBuilding CXX object CMakeFiles/dynamixel_sdk.dir/src/dynamixel_sdk/packet_handler.cpp.o[0m
[2.700s] [ 11%] [32mBuilding CXX object CMakeFiles/dynamixel_sdk.dir/src/dynamixel_sdk/protocol1_packet_handler.cpp.o[0m
[2.701s] [ 16%] [32mBuilding CXX object CMakeFiles/dynamixel_sdk.dir/src/dynamixel_sdk/protocol2_packet_handler.cpp.o[0m
[2.703s] [ 22%] [32mBuilding CXX object CMakeFiles/dynamixel_sdk.dir/src/dynamixel_sdk/group_sync_read.cpp.o[0m
[2.704s] [ 27%] [32mBuilding CXX object CMakeFiles/dynamixel_sdk.dir/src/dynamixel_sdk/group_bulk_write.cpp.o[0m
[2.705s] [ 33%] [32mBuilding CXX object CMakeFiles/dynamixel_sdk.dir/src/dynamixel_sdk/group_sync_write.cpp.o[0m
[2.705s] [ 38%] [32mBuilding CXX object CMakeFiles/dynamixel_sdk.dir/src/dynamixel_sdk/group_fast_bulk_read.cpp.o[0m
[2.705s] [ 44%] [32mBuilding CXX object CMakeFiles/dynamixel_sdk.dir/src/dynamixel_sdk/group_bulk_read.cpp.o[0m
[2.725s] [ 50%] [32mBuilding CXX object CMakeFiles/dynamixel_sdk.dir/src/dynamixel_sdk/group_fast_sync_read.cpp.o[0m
[2.725s] [ 55%] [32mBuilding CXX object CMakeFiles/dynamixel_sdk.dir/src/dynamixel_sdk/group_handler.cpp.o[0m
[2.729s] [ 55%] Built target ament_cmake_python_copy_dynamixel_easy_sdk
[2.744s] [ 55%] Built target ament_cmake_python_copy_dynamixel_sdk
[2.761s] [ 61%] [32mBuilding CXX object CMakeFiles/dynamixel_sdk.dir/src/dynamixel_sdk/port_handler.cpp.o[0m
[2.947s] [ 66%] [32mBuilding CXX object CMakeFiles/dynamixel_sdk.dir/src/dynamixel_easy_sdk/connector.cpp.o[0m
[3.043s] [ 72%] [32mBuilding CXX object CMakeFiles/dynamixel_sdk.dir/src/dynamixel_easy_sdk/control_table.cpp.o[0m
[3.078s] [ 77%] [32mBuilding CXX object CMakeFiles/dynamixel_sdk.dir/src/dynamixel_easy_sdk/dynamixel_error.cpp.o[0m
[3.151s] [ 83%] [32mBuilding CXX object CMakeFiles/dynamixel_sdk.dir/src/dynamixel_easy_sdk/group_executor.cpp.o[0m
[3.237s] running egg_info
[3.274s] creating dynamixel_easy_sdk.egg-info
[3.275s] writing dynamixel_easy_sdk.egg-info/PKG-INFO
[3.276s] writing dependency_links to dynamixel_easy_sdk.egg-info/dependency_links.txt
[3.276s] writing top-level names to dynamixel_easy_sdk.egg-info/top_level.txt
[3.276s] writing manifest file 'dynamixel_easy_sdk.egg-info/SOURCES.txt'
[3.300s] running egg_info
[3.346s] creating dynamixel_sdk.egg-info
[3.352s] writing dynamixel_sdk.egg-info/PKG-INFO
[3.352s] writing dependency_links to dynamixel_sdk.egg-info/dependency_links.txt
[3.352s] writing top-level names to dynamixel_sdk.egg-info/top_level.txt
[3.352s] writing manifest file 'dynamixel_sdk.egg-info/SOURCES.txt'
[3.399s] reading manifest file 'dynamixel_easy_sdk.egg-info/SOURCES.txt'
[3.399s] writing manifest file 'dynamixel_easy_sdk.egg-info/SOURCES.txt'
[3.462s] reading manifest file 'dynamixel_sdk.egg-info/SOURCES.txt'
[3.463s] writing manifest file 'dynamixel_sdk.egg-info/SOURCES.txt'
[3.469s] [ 83%] Built target ament_cmake_python_build_dynamixel_easy_sdk_egg
[3.488s] [ 88%] [32mBuilding CXX object CMakeFiles/dynamixel_sdk.dir/src/dynamixel_easy_sdk/motor.cpp.o[0m
[3.496s] [ 94%] [32mBuilding CXX object CMakeFiles/dynamixel_sdk.dir/src/dynamixel_sdk/port_handler_linux.cpp.o[0m
[3.544s] [ 94%] Built target ament_cmake_python_build_dynamixel_sdk_egg
[4.647s] [100%] [32m[1mLinking CXX shared library libdynamixel_sdk.so[0m
[4.815s] [100%] Built target dynamixel_sdk
