[1.375s] Invoking command in '/home/asser/test/turtlebot_ws/src/turtlebot3/turtlebot3_teleop': CONDA_PROMPT_MODIFIER=(base) PYTHONPATH=/home/asser/test/turtlebot_ws/build/turtlebot3_teleop/prefix_override:/usr/lib/python3/dist-packages/colcon_core/task/python/colcon_distutils_commands:/home/asser/test/turtlebot_ws/install/turtlebot3_teleop/lib/python3.10/site-packages:${PYTHONPATH} /usr/bin/python3 -W ignore:setup.py install is deprecated -W ignore:easy_install command is deprecated setup.py egg_info --egg-base ../../../build/turtlebot3_teleop build --build-base /home/asser/test/turtlebot_ws/build/turtlebot3_teleop/build install --record /home/asser/test/turtlebot_ws/build/turtlebot3_teleop/install.log --single-version-externally-managed install_data
[2.279s] running egg_info
[2.279s] creating ../../../build/turtlebot3_teleop/turtlebot3_teleop.egg-info
[2.280s] writing ../../../build/turtlebot3_teleop/turtlebot3_teleop.egg-info/PKG-INFO
[2.280s] writing dependency_links to ../../../build/turtlebot3_teleop/turtlebot3_teleop.egg-info/dependency_links.txt
[2.280s] writing entry points to ../../../build/turtlebot3_teleop/turtlebot3_teleop.egg-info/entry_points.txt
[2.281s] writing requirements to ../../../build/turtlebot3_teleop/turtlebot3_teleop.egg-info/requires.txt
[2.281s] writing top-level names to ../../../build/turtlebot3_teleop/turtlebot3_teleop.egg-info/top_level.txt
[2.281s] writing manifest file '../../../build/turtlebot3_teleop/turtlebot3_teleop.egg-info/SOURCES.txt'
[2.282s] reading manifest file '../../../build/turtlebot3_teleop/turtlebot3_teleop.egg-info/SOURCES.txt'
[2.282s] writing manifest file '../../../build/turtlebot3_teleop/turtlebot3_teleop.egg-info/SOURCES.txt'
[2.282s] running build
[2.282s] running build_py
[2.283s] creating /home/asser/test/turtlebot_ws/build/turtlebot3_teleop/build
[2.283s] creating /home/asser/test/turtlebot_ws/build/turtlebot3_teleop/build/lib
[2.283s] creating /home/asser/test/turtlebot_ws/build/turtlebot3_teleop/build/lib/turtlebot3_teleop
[2.283s] copying turtlebot3_teleop/__init__.py -> /home/asser/test/turtlebot_ws/build/turtlebot3_teleop/build/lib/turtlebot3_teleop
[2.283s] creating /home/asser/test/turtlebot_ws/build/turtlebot3_teleop/build/lib/turtlebot3_teleop/script
[2.283s] copying turtlebot3_teleop/script/teleop_keyboard.py -> /home/asser/test/turtlebot_ws/build/turtlebot3_teleop/build/lib/turtlebot3_teleop/script
[2.284s] copying turtlebot3_teleop/script/__init__.py -> /home/asser/test/turtlebot_ws/build/turtlebot3_teleop/build/lib/turtlebot3_teleop/script
[2.284s] running install
[2.284s] running install_lib
[2.284s] creating /home/asser/test/turtlebot_ws/install/turtlebot3_teleop/lib/python3.10/site-packages/turtlebot3_teleop
[2.285s] copying /home/asser/test/turtlebot_ws/build/turtlebot3_teleop/build/lib/turtlebot3_teleop/__init__.py -> /home/asser/test/turtlebot_ws/install/turtlebot3_teleop/lib/python3.10/site-packages/turtlebot3_teleop
[2.285s] creating /home/asser/test/turtlebot_ws/install/turtlebot3_teleop/lib/python3.10/site-packages/turtlebot3_teleop/script
[2.285s] copying /home/asser/test/turtlebot_ws/build/turtlebot3_teleop/build/lib/turtlebot3_teleop/script/teleop_keyboard.py -> /home/asser/test/turtlebot_ws/install/turtlebot3_teleop/lib/python3.10/site-packages/turtlebot3_teleop/script
[2.285s] copying /home/asser/test/turtlebot_ws/build/turtlebot3_teleop/build/lib/turtlebot3_teleop/script/__init__.py -> /home/asser/test/turtlebot_ws/install/turtlebot3_teleop/lib/python3.10/site-packages/turtlebot3_teleop/script
[2.285s] byte-compiling /home/asser/test/turtlebot_ws/install/turtlebot3_teleop/lib/python3.10/site-packages/turtlebot3_teleop/__init__.py to __init__.cpython-310.pyc
[2.286s] byte-compiling /home/asser/test/turtlebot_ws/install/turtlebot3_teleop/lib/python3.10/site-packages/turtlebot3_teleop/script/teleop_keyboard.py to teleop_keyboard.cpython-310.pyc
[2.287s] byte-compiling /home/asser/test/turtlebot_ws/install/turtlebot3_teleop/lib/python3.10/site-packages/turtlebot3_teleop/script/__init__.py to __init__.cpython-310.pyc
[2.287s] running install_data
[2.287s] creating /home/asser/test/turtlebot_ws/install/turtlebot3_teleop/share/ament_index
[2.287s] creating /home/asser/test/turtlebot_ws/install/turtlebot3_teleop/share/ament_index/resource_index
[2.288s] creating /home/asser/test/turtlebot_ws/install/turtlebot3_teleop/share/ament_index/resource_index/packages
[2.288s] copying resource/turtlebot3_teleop -> /home/asser/test/turtlebot_ws/install/turtlebot3_teleop/share/ament_index/resource_index/packages
[2.288s] copying package.xml -> /home/asser/test/turtlebot_ws/install/turtlebot3_teleop/share/turtlebot3_teleop
[2.288s] running install_egg_info
[2.288s] Copying ../../../build/turtlebot3_teleop/turtlebot3_teleop.egg-info to /home/asser/test/turtlebot_ws/install/turtlebot3_teleop/lib/python3.10/site-packages/turtlebot3_teleop-2.3.6-py3.10.egg-info
[2.288s] running install_scripts
[2.289s] Installing teleop_keyboard script to /home/asser/test/turtlebot_ws/install/turtlebot3_teleop/lib/turtlebot3_teleop
[2.289s] writing list of installed files to '/home/asser/test/turtlebot_ws/build/turtlebot3_teleop/install.log'
[2.298s] Invoked command in '/home/asser/test/turtlebot_ws/src/turtlebot3/turtlebot3_teleop' returned '0': CONDA_PROMPT_MODIFIER=(base) PYTHONPATH=/home/asser/test/turtlebot_ws/build/turtlebot3_teleop/prefix_override:/usr/lib/python3/dist-packages/colcon_core/task/python/colcon_distutils_commands:/home/asser/test/turtlebot_ws/install/turtlebot3_teleop/lib/python3.10/site-packages:${PYTHONPATH} /usr/bin/python3 -W ignore:setup.py install is deprecated -W ignore:easy_install command is deprecated setup.py egg_info --egg-base ../../../build/turtlebot3_teleop build --build-base /home/asser/test/turtlebot_ws/build/turtlebot3_teleop/build install --record /home/asser/test/turtlebot_ws/build/turtlebot3_teleop/install.log --single-version-externally-managed install_data
